#
# A fatal error has been detected by the Java Runtime Environment:
#
#  SIGSEGV (0xb) at pc=0x00007fd927d87f60, pid=9082, tid=9089
#
# JRE version: OpenJDK Runtime Environment (11.0.15+3) (build 11.0.15+3)
# Java VM: OpenJDK 64-Bit Server VM (11.0.15+3, mixed mode, tiered, compressed oops, g1 gc, linux-amd64)
# Problematic frame:
# V  [libjvm.so+0xd44f60]
#
# Core dump will be written. Default location: Core dumps may be processed with "/usr/lib/systemd/systemd-coredump %P %u %g %s %t %c %h" (or dumping to /home/mario/Escritorio/Bootcamp/Programacion/RaceControl/core.9082)
#
# If you would like to submit a bug report, please visit:
#   https://bugreport.java.com/bugreport/crash.jsp
#

---------------  S U M M A R Y ------------

Command Line: -agentlib:jdwp=transport=dt_socket,suspend=y,address=localhost:36649 -javaagent:/home/mario/.eclipse/197455291_linux_gtk_x86_64/configuration/org.eclipse.osgi/222/0/.cp/lib/javaagent-shaded.jar -Dfile.encoding=UTF-8 raceControl.Main

Host: Intel(R) Core(TM) i5-1035G1 CPU @ 1.00GHz, 8 cores, 7G, Manjaro Linux
Time: Wed Apr 20 10:01:18 2022 CEST elapsed time: 26.343918 seconds (0d 0h 0m 26s)

---------------  T H R E A D  ---------------

Current thread (0x00007fd920017800):  JavaThread "main" [_thread_in_vm, id=9089, stack(0x00007fd926c1a000,0x00007fd926d1a000)]

Stack: [0x00007fd926c1a000,0x00007fd926d1a000],  sp=0x00007fd926d186d0,  free space=1017k
Native frames: (J=compiled Java code, A=aot compiled Java code, j=interpreted, Vv=VM code, C=native code)
V  [libjvm.so+0xd44f60]
V  [libjvm.so+0x78a948]
V  [libjvm.so+0x8c4cef]
V  [libjvm.so+0x8c5315]
j  raceControl.Main.main([Ljava/lang/String;)V+30
v  ~StubRoutines::call_stub
V  [libjvm.so+0x8cc67f]
V  [libjvm.so+0x951985]
V  [libjvm.so+0x954522]
C  [libjli.so+0x50c3]
C  [libjli.so+0x91ce]

Java frames: (J=compiled Java code, j=interpreted, Vv=VM code)
j  raceControl.Main.main([Ljava/lang/String;)V+30
v  ~StubRoutines::call_stub

siginfo: si_signo: 11 (SIGSEGV), si_code: 1 (SEGV_MAPERR), si_addr: 0x0000000000000006

Register to memory mapping:

RAX=0x00007fd928211c40: <offset 0x00000000011cec40> in /usr/lib/jvm/java-11-openjdk/lib/server/libjvm.so at 0x00007fd927043000
RBX=0x00007fd926d18700 is pointing into the stack for thread: 0x00007fd920017800
RCX=0x0000000000000007 is an unknown value
RDX=0x0 is NULL
RSP=0x00007fd926d186d0 is pointing into the stack for thread: 0x00007fd920017800
RBP=0x00007fd926d186f0 is pointing into the stack for thread: 0x00007fd920017800
RSI=0x0 is NULL
RDI=0x00007fd926d18700 is pointing into the stack for thread: 0x00007fd920017800
R8 =0x00007fd8f97d2c68 is pointing into metadata
R9 =0x00007fd908833b00 points into unknown readable memory: 0x0000000000000557 | 57 05 00 00 00 00 00 00
R10=0x00007fd926b8a000 points into unknown readable memory: 0x0100050403020100 | 00 01 02 03 04 05 00 01
R11=0x000000000000000f is an unknown value
R12=0x00007fd926d187c0 is pointing into the stack for thread: 0x00007fd920017800
R13=0x00007fd926d18700 is pointing into the stack for thread: 0x00007fd920017800
R14=0x00007fd926d187c0 is pointing into the stack for thread: 0x00007fd920017800
R15=0x00007fd926d187a0 is pointing into the stack for thread: 0x00007fd920017800


Registers:
RAX=0x00007fd928211c40, RBX=0x00007fd926d18700, RCX=0x0000000000000007, RDX=0x0000000000000000
RSP=0x00007fd926d186d0, RBP=0x00007fd926d186f0, RSI=0x0000000000000000, RDI=0x00007fd926d18700
R8 =0x00007fd8f97d2c68, R9 =0x00007fd908833b00, R10=0x00007fd926b8a000, R11=0x000000000000000f
R12=0x00007fd926d187c0, R13=0x00007fd926d18700, R14=0x00007fd926d187c0, R15=0x00007fd926d187a0
RIP=0x00007fd927d87f60, EFLAGS=0x0000000000010202, CSGSFS=0x002b000000000033, ERR=0x0000000000000004
  TRAPNO=0x000000000000000e

Top of Stack: (sp=0x00007fd926d186d0)
0x00007fd926d186d0:   00007fd920017800 00007fd920017e90
0x00007fd926d186e0:   00007fd926d187c0 00007fd926d18700
0x00007fd926d186f0:   00007fd926d18740 00007fd9277cd948
0x00007fd926d18700:   00007fd928211c40 0000000000000000 

Instructions: (pc=0x00007fd927d87f60)
0x00007fd927d87e60:   85 c8 00 00 00 b8 02 00 00 00 66 0f 1f 44 00 00
0x00007fd927d87e70:   89 43 10 89 c2 48 83 c0 01 0f b6 74 01 05 40 80
0x00007fd927d87e80:   fe 5b 74 ec 83 c2 01 40 80 fe 4c 0f 84 7f 00 00
0x00007fd927d87e90:   00 89 53 10 48 8b 03 be 01 00 00 00 48 89 df ff
0x00007fd927d87ea0:   50 50 8b 43 14 85 c0 0f 89 18 fe ff ff c7 43 18
0x00007fd927d87eb0:   0d 00 00 00 8b 43 10 e9 0c fe ff ff 0f 1f 40 00
0x00007fd927d87ec0:   b8 02 00 00 00 0f 1f 00 89 43 10 89 c2 48 83 c0
0x00007fd927d87ed0:   01 80 7c 01 04 3b 75 f0 48 8b 03 be 01 00 00 00
0x00007fd927d87ee0:   48 89 df ff 50 48 8b 53 14 85 d2 0f 89 d4 fd ff
0x00007fd927d87ef0:   ff c7 43 18 0c 00 00 00 8b 43 10 e9 c8 fd ff ff
0x00007fd927d87f00:   c7 43 18 08 00 00 00 e9 ec fd ff ff 0f 1f 40 00
0x00007fd927d87f10:   48 63 c2 0f 1f 44 00 00 89 43 10 89 c2 48 83 c0
0x00007fd927d87f20:   01 80 7c 01 04 3b 75 f0 e9 67 ff ff ff ba 01 00
0x00007fd927d87f30:   00 00 e9 4d ff ff ff 90 0f 1f 84 00 00 00 00 00
0x00007fd927d87f40:   f3 0f 1e fa 55 48 89 e5 41 55 41 54 53 48 89 fb
0x00007fd927d87f50:   48 83 ec 08 48 8b 57 08 48 c7 47 10 00 00 00 00
0x00007fd927d87f60:   80 7a 06 28 0f 85 66 03 00 00 be 01 00 00 00 b8
0x00007fd927d87f70:   01 00 00 00 89 43 10 48 8d 4a 06 0f b6 54 32 06
0x00007fd927d87f80:   80 fa 29 74 73 4c 8d 2d 94 4a 22 00 4c 8d 25 85
0x00007fd927d87f90:   4b 22 00 0f 1f 44 00 00 83 ea 42 80 fa 19 77 10
0x00007fd927d87fa0:   0f b6 d2 49 63 14 94 4c 01 e2 3e ff e2 0f 1f 00
0x00007fd927d87fb0:   48 8d 05 d1 cb 54 00 be 6d 00 00 00 4c 89 ef 48
0x00007fd927d87fc0:   8b 00 c6 00 58 67 e8 25 86 98 ff 67 e8 0f 4c f1
0x00007fd927d87fd0:   ff 8b 43 14 8d 50 ff 8b 43 10 66 0f 1f 44 00 00
0x00007fd927d87fe0:   89 53 14 48 8b 53 08 48 63 f0 48 8d 4a 06 0f b6
0x00007fd927d87ff0:   54 32 06 80 fa 29 75 a0 83 c0 01 c7 43 14 00 00
0x00007fd927d88000:   00 00 89 43 10 48 83 c4 08 5b 41 5c 41 5d 5d c3
0x00007fd927d88010:   44 8d 40 01 49 63 d0 44 89 43 10 0f b6 34 11 40
0x00007fd927d88020:   80 fe 5b 0f 85 f2 02 00 00 83 c0 02 48 98 66 90
0x00007fd927d88030:   89 43 10 89 c2 48 83 c0 01 0f b6 74 01 ff 40 80
0x00007fd927d88040:   fe 5b 74 ec 83 c2 01 40 80 fe 4c 0f 84 5f 02 00
0x00007fd927d88050:   00 89 53 10 48 8b 03 44 89 c6 48 89 df ff 50 50 


Stack slot to memory mapping:
stack at sp + 0 slots: 0x00007fd920017800 is a thread
stack at sp + 1 slots: 0x00007fd920017e90 points into unknown readable memory: 0x00007fd900000002 | 02 00 00 00 d9 7f 00 00
stack at sp + 2 slots: 0x00007fd926d187c0 is pointing into the stack for thread: 0x00007fd920017800
stack at sp + 3 slots: 0x00007fd926d18700 is pointing into the stack for thread: 0x00007fd920017800
stack at sp + 4 slots: 0x00007fd926d18740 is pointing into the stack for thread: 0x00007fd920017800
stack at sp + 5 slots: 0x00007fd9277cd948: <offset 0x000000000078a948> in /usr/lib/jvm/java-11-openjdk/lib/server/libjvm.so at 0x00007fd927043000
stack at sp + 6 slots: 0x00007fd928211c40: <offset 0x00000000011cec40> in /usr/lib/jvm/java-11-openjdk/lib/server/libjvm.so at 0x00007fd927043000
stack at sp + 7 slots: 0x0 is NULL


---------------  P R O C E S S  ---------------

Threads class SMR info:
_java_thread_list=0x00007fd8c0000c40, length=12, elements={
0x00007fd920017800, 0x00007fd9201b8800, 0x00007fd9201bc800, 0x00007fd9201d1800,
0x00007fd9201d3800, 0x00007fd9201d6000, 0x00007fd9201d8000, 0x00007fd9201da000,
0x00007fd9202b5800, 0x00007fd920339000, 0x00007fd92035d800, 0x00007fd8c0001800
}
_to_delete_list=0x00007fd92035e840, length=11, elements={
0x00007fd920017800, 0x00007fd9201b8800, 0x00007fd9201bc800, 0x00007fd9201d1800,
0x00007fd9201d3800, 0x00007fd9201d6000, 0x00007fd9201d8000, 0x00007fd9201da000,
0x00007fd9202b5800, 0x00007fd920339000, 0x00007fd92035d800
}

Java Threads: ( => current thread )
=>0x00007fd920017800 JavaThread "main" [_thread_in_vm, id=9089, stack(0x00007fd926c1a000,0x00007fd926d1a000)]
  0x00007fd9201b8800 JavaThread "Reference Handler" daemon [_thread_blocked, id=9096, stack(0x00007fd908629000,0x00007fd908729000)]
  0x00007fd9201bc800 JavaThread "Finalizer" daemon [_thread_blocked, id=9097, stack(0x00007fd908529000,0x00007fd908629000)]
  0x00007fd9201d1800 JavaThread "Signal Dispatcher" daemon [_thread_blocked, id=9098, stack(0x00007fd908429000,0x00007fd908529000)]
  0x00007fd9201d3800 JavaThread "Service Thread" daemon [_thread_blocked, id=9099, stack(0x00007fd908329000,0x00007fd908429000)]
  0x00007fd9201d6000 JavaThread "C2 CompilerThread0" daemon [_thread_blocked, id=9100, stack(0x00007fd908229000,0x00007fd908329000)]
  0x00007fd9201d8000 JavaThread "C1 CompilerThread0" daemon [_thread_blocked, id=9101, stack(0x00007fd908129000,0x00007fd908229000)]
  0x00007fd9201da000 JavaThread "Sweeper thread" daemon [_thread_blocked, id=9102, stack(0x00007fd908029000,0x00007fd908129000)]
  0x00007fd9202b5800 JavaThread "Common-Cleaner" daemon [_thread_blocked, id=9103, stack(0x00007fd900450000,0x00007fd900550000)]
  0x00007fd920339000 JavaThread "JDWP Transport Listener: dt_socket" daemon [_thread_blocked, id=9105, stack(0x00007fd90026d000,0x00007fd90036d000)]
  0x00007fd92035d800 JavaThread "JDWP Event Helper Thread" daemon [_thread_blocked, id=9108, stack(0x00007fd90016d000,0x00007fd90026d000)]
  0x00007fd8c0001800 JavaThread "JDWP Command Reader" daemon [_thread_in_native, id=9109, stack(0x00007fd90006d000,0x00007fd90016d000)]

Other Threads:
  0x00007fd9201b0800 VMThread "VM Thread" [stack: 0x00007fd90872b000,0x00007fd90882b000] [id=9095]
  0x00007fd9204d7800 WatcherThread [stack: 0x00007fd8f999e000,0x00007fd8f9a9e000] [id=9112]
  0x00007fd920031000 GCTaskThread "GC Thread#0" [stack: 0x00007fd9268b4000,0x00007fd9269b4000] [id=9090]
  0x00007fd8ec001800 GCTaskThread "GC Thread#1" [stack: 0x00007fd8f949c000,0x00007fd8f959c000] [id=9117]
  0x00007fd920060800 ConcurrentGCThread "G1 Main Marker" [stack: 0x00007fd92542f000,0x00007fd92552f000] [id=9091]
  0x00007fd920062000 ConcurrentGCThread "G1 Conc#0" [stack: 0x00007fd92532d000,0x00007fd92542d000] [id=9092]
  0x00007fd9200e6000 ConcurrentGCThread "G1 Refine#0" [stack: 0x00007fd924a23000,0x00007fd924b23000] [id=9093]
  0x00007fd9200e8000 ConcurrentGCThread "G1 Young RemSet Sampling" [stack: 0x00007fd924921000,0x00007fd924a21000] [id=9094]

Threads with active compile tasks:

VM state:not at safepoint (normal execution)

VM Mutex/Monitor currently owned by a thread: None

Heap address: 0x000000008aa00000, size: 1878 MB, Compressed Oops mode: 32-bit
Narrow klass base: 0x0000000000000000, Narrow klass shift: 3
Compressed class space size: 1073741824 Address: 0x0000000100000000

Heap:
 garbage-first heap   total 120832K, used 45577K [0x000000008aa00000, 0x0000000100000000)
  region size 1024K, 46 young (47104K), 3 survivors (3072K)
 Metaspace       used 15576K, capacity 15806K, committed 16128K, reserved 1064960K
  class space    used 1418K, capacity 1498K, committed 1536K, reserved 1048576K
Heap Regions: E=young(eden), S=young(survivor), O=old, HS=humongous(starts), HC=humongous(continues), CS=collection set, F=free, A=archive, TAMS=top-at-mark-start (previous, next)
|   0|0x000000008aa00000, 0x000000008aa00000, 0x000000008ab00000|  0%| F|  |TAMS 0x000000008aa00000, 0x000000008aa00000| Untracked 
|   1|0x000000008ab00000, 0x000000008ab00000, 0x000000008ac00000|  0%| F|  |TAMS 0x000000008ab00000, 0x000000008ab00000| Untracked 
|   2|0x000000008ac00000, 0x000000008ac00000, 0x000000008ad00000|  0%| F|  |TAMS 0x000000008ac00000, 0x000000008ac00000| Untracked 
|   3|0x000000008ad00000, 0x000000008ad00000, 0x000000008ae00000|  0%| F|  |TAMS 0x000000008ad00000, 0x000000008ad00000| Untracked 
|   4|0x000000008ae00000, 0x000000008ae00000, 0x000000008af00000|  0%| F|  |TAMS 0x000000008ae00000, 0x000000008ae00000| Untracked 
|   5|0x000000008af00000, 0x000000008af00000, 0x000000008b000000|  0%| F|  |TAMS 0x000000008af00000, 0x000000008af00000| Untracked 
|   6|0x000000008b000000, 0x000000008b000000, 0x000000008b100000|  0%| F|  |TAMS 0x000000008b000000, 0x000000008b000000| Untracked 
|   7|0x000000008b100000, 0x000000008b100000, 0x000000008b200000|  0%| F|  |TAMS 0x000000008b100000, 0x000000008b100000| Untracked 
|   8|0x000000008b200000, 0x000000008b200000, 0x000000008b300000|  0%| F|  |TAMS 0x000000008b200000, 0x000000008b200000| Untracked 
|   9|0x000000008b300000, 0x000000008b300000, 0x000000008b400000|  0%| F|  |TAMS 0x000000008b300000, 0x000000008b300000| Untracked 
|  10|0x000000008b400000, 0x000000008b400000, 0x000000008b500000|  0%| F|  |TAMS 0x000000008b400000, 0x000000008b400000| Untracked 
|  11|0x000000008b500000, 0x000000008b500000, 0x000000008b600000|  0%| F|  |TAMS 0x000000008b500000, 0x000000008b500000| Untracked 
|  12|0x000000008b600000, 0x000000008b600000, 0x000000008b700000|  0%| F|  |TAMS 0x000000008b600000, 0x000000008b600000| Untracked 
|  13|0x000000008b700000, 0x000000008b700000, 0x000000008b800000|  0%| F|  |TAMS 0x000000008b700000, 0x000000008b700000| Untracked 
|  14|0x000000008b800000, 0x000000008b800000, 0x000000008b900000|  0%| F|  |TAMS 0x000000008b800000, 0x000000008b800000| Untracked 
|  15|0x000000008b900000, 0x000000008b900000, 0x000000008ba00000|  0%| F|  |TAMS 0x000000008b900000, 0x000000008b900000| Untracked 
|  16|0x000000008ba00000, 0x000000008ba00000, 0x000000008bb00000|  0%| F|  |TAMS 0x000000008ba00000, 0x000000008ba00000| Untracked 
|  17|0x000000008bb00000, 0x000000008bb00000, 0x000000008bc00000|  0%| F|  |TAMS 0x000000008bb00000, 0x000000008bb00000| Untracked 
|  18|0x000000008bc00000, 0x000000008bc00000, 0x000000008bd00000|  0%| F|  |TAMS 0x000000008bc00000, 0x000000008bc00000| Untracked 
|  19|0x000000008bd00000, 0x000000008bd00000, 0x000000008be00000|  0%| F|  |TAMS 0x000000008bd00000, 0x000000008bd00000| Untracked 
|  20|0x000000008be00000, 0x000000008be00000, 0x000000008bf00000|  0%| F|  |TAMS 0x000000008be00000, 0x000000008be00000| Untracked 
|  21|0x000000008bf00000, 0x000000008bf00000, 0x000000008c000000|  0%| F|  |TAMS 0x000000008bf00000, 0x000000008bf00000| Untracked 
|  22|0x000000008c000000, 0x000000008c000000, 0x000000008c100000|  0%| F|  |TAMS 0x000000008c000000, 0x000000008c000000| Untracked 
|  23|0x000000008c100000, 0x000000008c100000, 0x000000008c200000|  0%| F|  |TAMS 0x000000008c100000, 0x000000008c100000| Untracked 
|  24|0x000000008c200000, 0x000000008c200000, 0x000000008c300000|  0%| F|  |TAMS 0x000000008c200000, 0x000000008c200000| Untracked 
|  25|0x000000008c300000, 0x000000008c300000, 0x000000008c400000|  0%| F|  |TAMS 0x000000008c300000, 0x000000008c300000| Untracked 
|  26|0x000000008c400000, 0x000000008c400000, 0x000000008c500000|  0%| F|  |TAMS 0x000000008c400000, 0x000000008c400000| Untracked 
|  27|0x000000008c500000, 0x000000008c500000, 0x000000008c600000|  0%| F|  |TAMS 0x000000008c500000, 0x000000008c500000| Untracked 
|  28|0x000000008c600000, 0x000000008c600000, 0x000000008c700000|  0%| F|  |TAMS 0x000000008c600000, 0x000000008c600000| Untracked 
|  29|0x000000008c700000, 0x000000008c700000, 0x000000008c800000|  0%| F|  |TAMS 0x000000008c700000, 0x000000008c700000| Untracked 
|  30|0x000000008c800000, 0x000000008c800000, 0x000000008c900000|  0%| F|  |TAMS 0x000000008c800000, 0x000000008c800000| Untracked 
|  31|0x000000008c900000, 0x000000008c900000, 0x000000008ca00000|  0%| F|  |TAMS 0x000000008c900000, 0x000000008c900000| Untracked 
|  32|0x000000008ca00000, 0x000000008ca00000, 0x000000008cb00000|  0%| F|  |TAMS 0x000000008ca00000, 0x000000008ca00000| Untracked 
|  33|0x000000008cb00000, 0x000000008cb00000, 0x000000008cc00000|  0%| F|  |TAMS 0x000000008cb00000, 0x000000008cb00000| Untracked 
|  34|0x000000008cc00000, 0x000000008cc00000, 0x000000008cd00000|  0%| F|  |TAMS 0x000000008cc00000, 0x000000008cc00000| Untracked 
|  35|0x000000008cd00000, 0x000000008cd00000, 0x000000008ce00000|  0%| F|  |TAMS 0x000000008cd00000, 0x000000008cd00000| Untracked 
|  36|0x000000008ce00000, 0x000000008ce00000, 0x000000008cf00000|  0%| F|  |TAMS 0x000000008ce00000, 0x000000008ce00000| Untracked 
|  37|0x000000008cf00000, 0x000000008cf00000, 0x000000008d000000|  0%| F|  |TAMS 0x000000008cf00000, 0x000000008cf00000| Untracked 
|  38|0x000000008d000000, 0x000000008d000000, 0x000000008d100000|  0%| F|  |TAMS 0x000000008d000000, 0x000000008d000000| Untracked 
|  39|0x000000008d100000, 0x000000008d100000, 0x000000008d200000|  0%| F|  |TAMS 0x000000008d100000, 0x000000008d100000| Untracked 
|  40|0x000000008d200000, 0x000000008d200000, 0x000000008d300000|  0%| F|  |TAMS 0x000000008d200000, 0x000000008d200000| Untracked 
|  41|0x000000008d300000, 0x000000008d300000, 0x000000008d400000|  0%| F|  |TAMS 0x000000008d300000, 0x000000008d300000| Untracked 
|  42|0x000000008d400000, 0x000000008d400000, 0x000000008d500000|  0%| F|  |TAMS 0x000000008d400000, 0x000000008d400000| Untracked 
|  43|0x000000008d500000, 0x000000008d500000, 0x000000008d600000|  0%| F|  |TAMS 0x000000008d500000, 0x000000008d500000| Untracked 
|  44|0x000000008d600000, 0x000000008d600000, 0x000000008d700000|  0%| F|  |TAMS 0x000000008d600000, 0x000000008d600000| Untracked 
|  45|0x000000008d700000, 0x000000008d700000, 0x000000008d800000|  0%| F|  |TAMS 0x000000008d700000, 0x000000008d700000| Untracked 
|  46|0x000000008d800000, 0x000000008d800000, 0x000000008d900000|  0%| F|  |TAMS 0x000000008d800000, 0x000000008d800000| Untracked 
|  47|0x000000008d900000, 0x000000008d900000, 0x000000008da00000|  0%| F|  |TAMS 0x000000008d900000, 0x000000008d900000| Untracked 
|  48|0x000000008da00000, 0x000000008da00000, 0x000000008db00000|  0%| F|  |TAMS 0x000000008da00000, 0x000000008da00000| Untracked 
|  49|0x000000008db00000, 0x000000008db00000, 0x000000008dc00000|  0%| F|  |TAMS 0x000000008db00000, 0x000000008db00000| Untracked 
|  50|0x000000008dc00000, 0x000000008dc00000, 0x000000008dd00000|  0%| F|  |TAMS 0x000000008dc00000, 0x000000008dc00000| Untracked 
|  51|0x000000008dd00000, 0x000000008dd00000, 0x000000008de00000|  0%| F|  |TAMS 0x000000008dd00000, 0x000000008dd00000| Untracked 
|  52|0x000000008de00000, 0x000000008de00000, 0x000000008df00000|  0%| F|  |TAMS 0x000000008de00000, 0x000000008de00000| Untracked 
|  53|0x000000008df00000, 0x000000008df00000, 0x000000008e000000|  0%| F|  |TAMS 0x000000008df00000, 0x000000008df00000| Untracked 
|  54|0x000000008e000000, 0x000000008e000000, 0x000000008e100000|  0%| F|  |TAMS 0x000000008e000000, 0x000000008e000000| Untracked 
|  55|0x000000008e100000, 0x000000008e100000, 0x000000008e200000|  0%| F|  |TAMS 0x000000008e100000, 0x000000008e100000| Untracked 
|  56|0x000000008e200000, 0x000000008e200000, 0x000000008e300000|  0%| F|  |TAMS 0x000000008e200000, 0x000000008e200000| Untracked 
|  57|0x000000008e300000, 0x000000008e300000, 0x000000008e400000|  0%| F|  |TAMS 0x000000008e300000, 0x000000008e300000| Untracked 
|  58|0x000000008e400000, 0x000000008e400000, 0x000000008e500000|  0%| F|  |TAMS 0x000000008e400000, 0x000000008e400000| Untracked 
|  59|0x000000008e500000, 0x000000008e500000, 0x000000008e600000|  0%| F|  |TAMS 0x000000008e500000, 0x000000008e500000| Untracked 
|  60|0x000000008e600000, 0x000000008e600000, 0x000000008e700000|  0%| F|  |TAMS 0x000000008e600000, 0x000000008e600000| Untracked 
|  61|0x000000008e700000, 0x000000008e700000, 0x000000008e800000|  0%| F|  |TAMS 0x000000008e700000, 0x000000008e700000| Untracked 
|  62|0x000000008e800000, 0x000000008e800000, 0x000000008e900000|  0%| F|  |TAMS 0x000000008e800000, 0x000000008e800000| Untracked 
|  63|0x000000008e900000, 0x000000008e900000, 0x000000008ea00000|  0%| F|  |TAMS 0x000000008e900000, 0x000000008e900000| Untracked 
|  64|0x000000008ea00000, 0x000000008ea00000, 0x000000008eb00000|  0%| F|  |TAMS 0x000000008ea00000, 0x000000008ea00000| Untracked 
|  65|0x000000008eb00000, 0x000000008eb00000, 0x000000008ec00000|  0%| F|  |TAMS 0x000000008eb00000, 0x000000008eb00000| Untracked 
|  66|0x000000008ec00000, 0x000000008ec00000, 0x000000008ed00000|  0%| F|  |TAMS 0x000000008ec00000, 0x000000008ec00000| Untracked 
|  67|0x000000008ed00000, 0x000000008ed00000, 0x000000008ee00000|  0%| F|  |TAMS 0x000000008ed00000, 0x000000008ed00000| Untracked 
|  68|0x000000008ee00000, 0x000000008ee00000, 0x000000008ef00000|  0%| F|  |TAMS 0x000000008ee00000, 0x000000008ee00000| Untracked 
|  69|0x000000008ef00000, 0x000000008ef00000, 0x000000008f000000|  0%| F|  |TAMS 0x000000008ef00000, 0x000000008ef00000| Untracked 
|  70|0x000000008f000000, 0x000000008f000000, 0x000000008f100000|  0%| F|  |TAMS 0x000000008f000000, 0x000000008f000000| Untracked 
|  71|0x000000008f100000, 0x000000008f100000, 0x000000008f200000|  0%| F|  |TAMS 0x000000008f100000, 0x000000008f100000| Untracked 
|  72|0x000000008f200000, 0x000000008f281010, 0x000000008f300000| 50%| E|  |TAMS 0x000000008f200000, 0x000000008f200000| Complete 
|  73|0x000000008f300000, 0x000000008f400000, 0x000000008f400000|100%| E|CS|TAMS 0x000000008f300000, 0x000000008f300000| Complete 
|  74|0x000000008f400000, 0x000000008f500000, 0x000000008f500000|100%| E|CS|TAMS 0x000000008f400000, 0x000000008f400000| Complete 
|  75|0x000000008f500000, 0x000000008f600000, 0x000000008f600000|100%| E|CS|TAMS 0x000000008f500000, 0x000000008f500000| Complete 
|  76|0x000000008f600000, 0x000000008f700000, 0x000000008f700000|100%| E|CS|TAMS 0x000000008f600000, 0x000000008f600000| Complete 
|  77|0x000000008f700000, 0x000000008f800000, 0x000000008f800000|100%| E|CS|TAMS 0x000000008f700000, 0x000000008f700000| Complete 
|  78|0x000000008f800000, 0x000000008f900000, 0x000000008f900000|100%| E|CS|TAMS 0x000000008f800000, 0x000000008f800000| Complete 
|  79|0x000000008f900000, 0x000000008fa00000, 0x000000008fa00000|100%| E|CS|TAMS 0x000000008f900000, 0x000000008f900000| Complete 
|  80|0x000000008fa00000, 0x000000008fb00000, 0x000000008fb00000|100%| E|CS|TAMS 0x000000008fa00000, 0x000000008fa00000| Complete 
|  81|0x000000008fb00000, 0x000000008fc00000, 0x000000008fc00000|100%| E|CS|TAMS 0x000000008fb00000, 0x000000008fb00000| Complete 
|  82|0x000000008fc00000, 0x000000008fd00000, 0x000000008fd00000|100%| E|CS|TAMS 0x000000008fc00000, 0x000000008fc00000| Complete 
|  83|0x000000008fd00000, 0x000000008fe00000, 0x000000008fe00000|100%| E|CS|TAMS 0x000000008fd00000, 0x000000008fd00000| Complete 
|  84|0x000000008fe00000, 0x000000008ff00000, 0x000000008ff00000|100%| E|CS|TAMS 0x000000008fe00000, 0x000000008fe00000| Complete 
|  85|0x000000008ff00000, 0x0000000090000000, 0x0000000090000000|100%| E|CS|TAMS 0x000000008ff00000, 0x000000008ff00000| Complete 
|  86|0x0000000090000000, 0x0000000090100000, 0x0000000090100000|100%| E|CS|TAMS 0x0000000090000000, 0x0000000090000000| Complete 
|  87|0x0000000090100000, 0x0000000090200000, 0x0000000090200000|100%| E|CS|TAMS 0x0000000090100000, 0x0000000090100000| Complete 
|  88|0x0000000090200000, 0x0000000090300000, 0x0000000090300000|100%| E|CS|TAMS 0x0000000090200000, 0x0000000090200000| Complete 
|  89|0x0000000090300000, 0x0000000090400000, 0x0000000090400000|100%| E|CS|TAMS 0x0000000090300000, 0x0000000090300000| Complete 
|  90|0x0000000090400000, 0x0000000090500000, 0x0000000090500000|100%| E|CS|TAMS 0x0000000090400000, 0x0000000090400000| Complete 
|  91|0x0000000090500000, 0x0000000090582760, 0x0000000090600000| 50%| S|CS|TAMS 0x0000000090500000, 0x0000000090500000| Complete 
|  92|0x0000000090600000, 0x0000000090700000, 0x0000000090700000|100%| S|CS|TAMS 0x0000000090600000, 0x0000000090600000| Complete 
|  93|0x0000000090700000, 0x0000000090800000, 0x0000000090800000|100%| S|CS|TAMS 0x0000000090700000, 0x0000000090700000| Complete 
|  94|0x0000000090800000, 0x0000000090900000, 0x0000000090900000|100%| E|CS|TAMS 0x0000000090800000, 0x0000000090800000| Complete 
|  95|0x0000000090900000, 0x0000000090a00000, 0x0000000090a00000|100%| E|CS|TAMS 0x0000000090900000, 0x0000000090900000| Complete 
|  96|0x0000000090a00000, 0x0000000090b00000, 0x0000000090b00000|100%| E|CS|TAMS 0x0000000090a00000, 0x0000000090a00000| Complete 
|  97|0x0000000090b00000, 0x0000000090c00000, 0x0000000090c00000|100%| E|CS|TAMS 0x0000000090b00000, 0x0000000090b00000| Complete 
|  98|0x0000000090c00000, 0x0000000090d00000, 0x0000000090d00000|100%| E|CS|TAMS 0x0000000090c00000, 0x0000000090c00000| Complete 
|  99|0x0000000090d00000, 0x0000000090e00000, 0x0000000090e00000|100%| E|CS|TAMS 0x0000000090d00000, 0x0000000090d00000| Complete 
| 100|0x0000000090e00000, 0x0000000090f00000, 0x0000000090f00000|100%| E|CS|TAMS 0x0000000090e00000, 0x0000000090e00000| Complete 
| 101|0x0000000090f00000, 0x0000000091000000, 0x0000000091000000|100%| E|CS|TAMS 0x0000000090f00000, 0x0000000090f00000| Complete 
| 102|0x0000000091000000, 0x0000000091100000, 0x0000000091100000|100%| E|CS|TAMS 0x0000000091000000, 0x0000000091000000| Complete 
| 103|0x0000000091100000, 0x0000000091200000, 0x0000000091200000|100%| E|CS|TAMS 0x0000000091100000, 0x0000000091100000| Complete 
| 104|0x0000000091200000, 0x0000000091300000, 0x0000000091300000|100%| E|CS|TAMS 0x0000000091200000, 0x0000000091200000| Complete 
| 105|0x0000000091300000, 0x0000000091400000, 0x0000000091400000|100%| E|CS|TAMS 0x0000000091300000, 0x0000000091300000| Complete 
| 106|0x0000000091400000, 0x0000000091500000, 0x0000000091500000|100%| E|CS|TAMS 0x0000000091400000, 0x0000000091400000| Complete 
| 107|0x0000000091500000, 0x0000000091600000, 0x0000000091600000|100%| E|CS|TAMS 0x0000000091500000, 0x0000000091500000| Complete 
| 108|0x0000000091600000, 0x0000000091700000, 0x0000000091700000|100%| E|CS|TAMS 0x0000000091600000, 0x0000000091600000| Complete 
| 109|0x0000000091700000, 0x0000000091800000, 0x0000000091800000|100%| E|CS|TAMS 0x0000000091700000, 0x0000000091700000| Complete 
| 110|0x0000000091800000, 0x0000000091900000, 0x0000000091900000|100%| E|CS|TAMS 0x0000000091800000, 0x0000000091800000| Complete 
| 111|0x0000000091900000, 0x0000000091a00000, 0x0000000091a00000|100%| E|CS|TAMS 0x0000000091900000, 0x0000000091900000| Complete 
| 112|0x0000000091a00000, 0x0000000091b00000, 0x0000000091b00000|100%| E|CS|TAMS 0x0000000091a00000, 0x0000000091a00000| Complete 
| 113|0x0000000091b00000, 0x0000000091c00000, 0x0000000091c00000|100%| E|CS|TAMS 0x0000000091b00000, 0x0000000091b00000| Complete 
| 114|0x0000000091c00000, 0x0000000091d00000, 0x0000000091d00000|100%| E|CS|TAMS 0x0000000091c00000, 0x0000000091c00000| Complete 
| 115|0x0000000091d00000, 0x0000000091e00000, 0x0000000091e00000|100%| E|CS|TAMS 0x0000000091d00000, 0x0000000091d00000| Complete 
| 116|0x0000000091e00000, 0x0000000091f00000, 0x0000000091f00000|100%| E|CS|TAMS 0x0000000091e00000, 0x0000000091e00000| Complete 
| 117|0x0000000091f00000, 0x0000000092000000, 0x0000000092000000|100%| E|CS|TAMS 0x0000000091f00000, 0x0000000091f00000| Complete 

Card table byte_map: [0x00007fd925954000,0x00007fd925cff000] _byte_map_base: 0x00007fd9254ff000

Marking Bits (Prev, Next): (CMBitMap*) 0x00007fd920058058, (CMBitMap*) 0x00007fd920058090
 Prev Bits: [0x00007fd9022a8000, 0x00007fd904000000)
 Next Bits: [0x00007fd900550000, 0x00007fd9022a8000)

Polling page: 0x00007fd928598000

Metaspace:

Usage:
  Non-class:     13,97 MB capacity,    13,83 MB ( 99%) used,   135,05 KB ( <1%) free+waste,    15,06 KB ( <1%) overhead. 
      Class:      1,46 MB capacity,     1,39 MB ( 95%) used,    74,25 KB (  5%) free+waste,     5,19 KB ( <1%) overhead. 
       Both:     15,44 MB capacity,    15,21 MB ( 99%) used,   209,30 KB (  1%) free+waste,    20,25 KB ( <1%) overhead. 

Virtual space:
  Non-class space:       16,00 MB reserved,      14,25 MB ( 89%) committed 
      Class space:        1,00 GB reserved,       1,50 MB ( <1%) committed 
             Both:        1,02 GB reserved,      15,75 MB (  2%) committed 

Chunk freelists:
   Non-Class:  268,00 KB
       Class:  6,00 KB
        Both:  274,00 KB

MaxMetaspaceSize: unlimited
CompressedClassSpaceSize: 1,00 GB
Initial GC threshold: 20,80 MB
Current GC threshold: 20,80 MB
CDS: off

CodeHeap 'non-profiled nmethods': size=120032Kb used=467Kb max_used=467Kb free=119564Kb
 bounds [0x00007fd9102f3000, 0x00007fd910563000, 0x00007fd91782b000]
CodeHeap 'profiled nmethods': size=120028Kb used=2091Kb max_used=2091Kb free=117936Kb
 bounds [0x00007fd908dbc000, 0x00007fd90902c000, 0x00007fd9102f3000]
CodeHeap 'non-nmethods': size=5700Kb used=1216Kb max_used=1262Kb free=4483Kb
 bounds [0x00007fd90882b000, 0x00007fd908a9b000, 0x00007fd908dbc000]
 total_blobs=1482 nmethods=1078 adapters=326
 compilation: enabled
              stopped_count=0, restarted_count=0
 full_count=0

Compilation events (20 events):
Event: 8,126 Thread 0x00007fd9201d6000 1090 %     4       org.eclipse.jdt.launching.internal.org.objectweb.asm.ClassReader::<init> @ 110 (371 bytes)
Event: 8,133 Thread 0x00007fd9201d6000 nmethod 1090% 0x00007fd910356a10 code [0x00007fd910356bc0, 0x00007fd910357128]
Event: 19,834 Thread 0x00007fd9201d6000 1091       4       org.eclipse.jdt.launching.internal.org.objectweb.asm.ClassReader::readMethod (1052 bytes)
Event: 19,836 Thread 0x00007fd9201d8000 1099   !   3       java.util.concurrent.ConcurrentHashMap::computeIfAbsent (576 bytes)
Event: 19,852 Thread 0x00007fd9201d8000 nmethod 1099 0x00007fd908fc2690 code [0x00007fd908fc2b20, 0x00007fd908fc5a60]
Event: 20,103 Thread 0x00007fd9201d6000 nmethod 1091 0x00007fd910357410 code [0x00007fd910357840, 0x00007fd91035f2f0]
Event: 20,103 Thread 0x00007fd9201d6000 1094       4       org.eclipse.jdt.launching.internal.org.objectweb.asm.MethodWriter::<init> (232 bytes)
Event: 20,163 Thread 0x00007fd9201d6000 nmethod 1094 0x00007fd910362910 code [0x00007fd910362b60, 0x00007fd910365140]
Event: 20,163 Thread 0x00007fd9201d6000 1097       4       org.eclipse.jdt.launching.internal.org.objectweb.asm.Symbol::<init> (38 bytes)
Event: 20,167 Thread 0x00007fd9201d6000 nmethod 1097 0x00007fd910366110 code [0x00007fd9103662a0, 0x00007fd910366578]
Event: 20,167 Thread 0x00007fd9201d6000 1092       4       org.eclipse.jdt.launching.internal.org.objectweb.asm.ClassVisitor::visitMethod (24 bytes)
Event: 20,171 Thread 0x00007fd9201d6000 nmethod 1092 0x00007fd910366610 code [0x00007fd9103667c0, 0x00007fd910366c28]
Event: 20,171 Thread 0x00007fd9201d6000 1093       4       org.eclipse.jdt.launching.internal.org.objectweb.asm.ClassWriter::visitMethod (57 bytes)
Event: 20,176 Thread 0x00007fd9201d6000 nmethod 1093 0x00007fd910366e10 code [0x00007fd910366fc0, 0x00007fd910367388]
Event: 20,176 Thread 0x00007fd9201d6000 1095       4       org.eclipse.jdt.launching.internal.org.objectweb.asm.MethodVisitor::<init> (66 bytes)
Event: 20,178 Thread 0x00007fd9201d6000 nmethod 1095 0x00007fd910367490 code [0x00007fd910367620, 0x00007fd910367778]
Event: 20,178 Thread 0x00007fd9201d6000 1096       4       org.eclipse.jdt.launching.internal.org.objectweb.asm.MethodWriter::canCopyMethodAttributes (163 bytes)
Event: 20,181 Thread 0x00007fd9201d6000 nmethod 1096 0x00007fd910367810 code [0x00007fd9103679a0, 0x00007fd910367a58]
Event: 20,181 Thread 0x00007fd9201d6000 1098       4       org.eclipse.jdt.launching.internal.org.objectweb.asm.MethodWriter::visitEnd (1 bytes)
Event: 20,181 Thread 0x00007fd9201d6000 nmethod 1098 0x00007fd910367b10 code [0x00007fd910367ca0, 0x00007fd910367cf8]

GC Heap History (2 events):
Event: 0,758 GC heap before
{Heap before GC invocations=0 (full 0):
 garbage-first heap   total 120832K, used 23552K [0x000000008aa00000, 0x0000000100000000)
  region size 1024K, 24 young (24576K), 0 survivors (0K)
 Metaspace       used 11495K, capacity 11663K, committed 12032K, reserved 1060864K
  class space    used 967K, capacity 1013K, committed 1024K, reserved 1048576K
}
Event: 0,762 GC heap after
{Heap after GC invocations=1 (full 0):
 garbage-first heap   total 120832K, used 2569K [0x000000008aa00000, 0x0000000100000000)
  region size 1024K, 3 young (3072K), 3 survivors (3072K)
 Metaspace       used 11495K, capacity 11663K, committed 12032K, reserved 1060864K
  class space    used 967K, capacity 1013K, committed 1024K, reserved 1048576K
}

Deoptimization events (20 events):
Event: 0,601 Thread 0x00007fd920017800 DEOPT PACKING pc=0x00007fd9103078fc sp=0x00007fd926d12bf0
Event: 0,601 Thread 0x00007fd920017800 DEOPT UNPACKING pc=0x00007fd9088332a5 sp=0x00007fd926d12bb0 mode 2
Event: 1,159 Thread 0x00007fd920017800 DEOPT PACKING pc=0x00007fd908ef6e8c sp=0x00007fd926d16990
Event: 1,159 Thread 0x00007fd920017800 DEOPT UNPACKING pc=0x00007fd9088749fa sp=0x00007fd926d15ef8 mode 0
Event: 1,250 Thread 0x00007fd920017800 Uncommon trap: trap_request=0xffffffc6 fr.pc=0x00007fd9102fd394 relative=0x0000000000000074
Event: 1,250 Thread 0x00007fd920017800 Uncommon trap: reason=bimorphic_or_optimized_type_check action=maybe_recompile pc=0x00007fd9102fd394 method=java.util.AbstractCollection.isEmpty()Z @ 1 c2
Event: 1,250 Thread 0x00007fd920017800 DEOPT PACKING pc=0x00007fd9102fd394 sp=0x00007fd926d16510
Event: 1,250 Thread 0x00007fd920017800 DEOPT UNPACKING pc=0x00007fd9088332a5 sp=0x00007fd926d164d0 mode 2
Event: 1,251 Thread 0x00007fd920017800 Uncommon trap: trap_request=0xffffffc6 fr.pc=0x00007fd9102fd394 relative=0x0000000000000074
Event: 1,251 Thread 0x00007fd920017800 Uncommon trap: reason=bimorphic_or_optimized_type_check action=maybe_recompile pc=0x00007fd9102fd394 method=java.util.AbstractCollection.isEmpty()Z @ 1 c2
Event: 1,251 Thread 0x00007fd920017800 DEOPT PACKING pc=0x00007fd9102fd394 sp=0x00007fd926d16a60
Event: 1,251 Thread 0x00007fd920017800 DEOPT UNPACKING pc=0x00007fd9088332a5 sp=0x00007fd926d16a20 mode 2
Event: 1,261 Thread 0x00007fd920017800 Uncommon trap: trap_request=0xffffffc6 fr.pc=0x00007fd9102fd394 relative=0x0000000000000074
Event: 1,261 Thread 0x00007fd920017800 Uncommon trap: reason=bimorphic_or_optimized_type_check action=maybe_recompile pc=0x00007fd9102fd394 method=java.util.AbstractCollection.isEmpty()Z @ 1 c2
Event: 1,261 Thread 0x00007fd920017800 DEOPT PACKING pc=0x00007fd9102fd394 sp=0x00007fd926d16280
Event: 1,261 Thread 0x00007fd920017800 DEOPT UNPACKING pc=0x00007fd9088332a5 sp=0x00007fd926d16240 mode 2
Event: 1,261 Thread 0x00007fd920017800 Uncommon trap: trap_request=0xffffffc6 fr.pc=0x00007fd9102fd394 relative=0x0000000000000074
Event: 1,261 Thread 0x00007fd920017800 Uncommon trap: reason=bimorphic_or_optimized_type_check action=maybe_recompile pc=0x00007fd9102fd394 method=java.util.AbstractCollection.isEmpty()Z @ 1 c2
Event: 1,261 Thread 0x00007fd920017800 DEOPT PACKING pc=0x00007fd9102fd394 sp=0x00007fd926d160a0
Event: 1,261 Thread 0x00007fd920017800 DEOPT UNPACKING pc=0x00007fd9088332a5 sp=0x00007fd926d16060 mode 2

Classes redefined (3 events):
Event: 4,537 Thread 0x00007fd9201b0800 redefined class name=raceControl.Main, count=1
Event: 8,132 Thread 0x00007fd9201b0800 redefined class name=raceControl.Main, count=2
Event: 19,845 Thread 0x00007fd9201b0800 redefined class name=raceControl.Main, count=3

Internal exceptions (1 events):
Event: 0,579 Thread 0x00007fd920017800 Exception <a 'java/lang/NoSuchMethodError'{0x00000000919939c0}: 'int java.lang.invoke.DirectMethodHandle$Holder.invokeSpecialIFC(java.lang.Object, java.lang.Object, int)'> (0x00000000919939c0) thrown at [src/hotspot/share/interpreter/linkResolver.cpp, line 772]

Events (20 events):
Event: 23,708 Executing VM operation: GetFrameCount
Event: 23,709 Executing VM operation: GetFrameCount done
Event: 23,709 Executing VM operation: GetStackTrace
Event: 23,709 Executing VM operation: GetStackTrace done
Event: 23,719 Executing VM operation: GetFrameCount
Event: 23,719 Executing VM operation: GetFrameCount done
Event: 23,719 Executing VM operation: GetStackTrace
Event: 23,719 Executing VM operation: GetStackTrace done
Event: 23,721 Executing VM operation: GetFrameCount
Event: 23,721 Executing VM operation: GetFrameCount done
Event: 23,722 Executing VM operation: GetOwnedMonitorInfo
Event: 23,722 Executing VM operation: GetOwnedMonitorInfo done
Event: 23,722 Executing VM operation: GetCurrentContendedMonitor
Event: 23,722 Executing VM operation: GetCurrentContendedMonitor done
Event: 23,725 Executing VM operation: GetFrameLocation
Event: 23,725 Executing VM operation: GetFrameLocation done
Event: 23,725 Executing VM operation: GetOrSetLocal
Event: 23,725 Executing VM operation: GetOrSetLocal done
Event: 26,318 loading class utils/ParticipantsGenerator
Event: 26,318 loading class utils/ParticipantsGenerator done


Dynamic libraries:
8aa00000-92000000 rw-p 00000000 00:00 0 
92000000-100000000 ---p 00000000 00:00 0 
100000000-100180000 rw-p 00000000 00:00 0 
100180000-140000000 ---p 00000000 00:00 0 
559a84d30000-559a84d31000 r--p 00000000 103:05 6818799                   /usr/lib/jvm/java-11-openjdk/bin/java
559a84d31000-559a84d32000 r-xp 00001000 103:05 6818799                   /usr/lib/jvm/java-11-openjdk/bin/java
559a84d32000-559a84d33000 r--p 00002000 103:05 6818799                   /usr/lib/jvm/java-11-openjdk/bin/java
559a84d33000-559a84d34000 r--p 00002000 103:05 6818799                   /usr/lib/jvm/java-11-openjdk/bin/java
559a84d34000-559a84d35000 rw-p 00003000 103:05 6818799                   /usr/lib/jvm/java-11-openjdk/bin/java
559a85719000-559a8573a000 rw-p 00000000 00:00 0                          [heap]
7fd8b0000000-7fd8b0021000 rw-p 00000000 00:00 0 
7fd8b0021000-7fd8b4000000 ---p 00000000 00:00 0 
7fd8b8000000-7fd8b8021000 rw-p 00000000 00:00 0 
7fd8b8021000-7fd8bc000000 ---p 00000000 00:00 0 
7fd8bc000000-7fd8bc021000 rw-p 00000000 00:00 0 
7fd8bc021000-7fd8c0000000 ---p 00000000 00:00 0 
7fd8c0000000-7fd8c004a000 rw-p 00000000 00:00 0 
7fd8c004a000-7fd8c4000000 ---p 00000000 00:00 0 
7fd8c4000000-7fd8c4021000 rw-p 00000000 00:00 0 
7fd8c4021000-7fd8c8000000 ---p 00000000 00:00 0 
7fd8c8000000-7fd8c8021000 rw-p 00000000 00:00 0 
7fd8c8021000-7fd8cc000000 ---p 00000000 00:00 0 
7fd8cc000000-7fd8cc021000 rw-p 00000000 00:00 0 
7fd8cc021000-7fd8d0000000 ---p 00000000 00:00 0 
7fd8d0000000-7fd8d175a000 rw-p 00000000 00:00 0 
7fd8d175a000-7fd8d4000000 ---p 00000000 00:00 0 
7fd8d4000000-7fd8d4a6a000 rw-p 00000000 00:00 0 
7fd8d4a6a000-7fd8d8000000 ---p 00000000 00:00 0 
7fd8d8000000-7fd8d8021000 rw-p 00000000 00:00 0 
7fd8d8021000-7fd8dc000000 ---p 00000000 00:00 0 
7fd8dc000000-7fd8dc021000 rw-p 00000000 00:00 0 
7fd8dc021000-7fd8e0000000 ---p 00000000 00:00 0 
7fd8e0000000-7fd8e0021000 rw-p 00000000 00:00 0 
7fd8e0021000-7fd8e4000000 ---p 00000000 00:00 0 
7fd8e4000000-7fd8e4021000 rw-p 00000000 00:00 0 
7fd8e4021000-7fd8e8000000 ---p 00000000 00:00 0 
7fd8e8000000-7fd8e8021000 rw-p 00000000 00:00 0 
7fd8e8021000-7fd8ec000000 ---p 00000000 00:00 0 
7fd8ec000000-7fd8ec038000 rw-p 00000000 00:00 0 
7fd8ec038000-7fd8f0000000 ---p 00000000 00:00 0 
7fd8f0000000-7fd8f0021000 rw-p 00000000 00:00 0 
7fd8f0021000-7fd8f4000000 ---p 00000000 00:00 0 
7fd8f4000000-7fd8f4021000 rw-p 00000000 00:00 0 
7fd8f4021000-7fd8f8000000 ---p 00000000 00:00 0 
7fd8f89c4000-7fd8f8a04000 rw-p 00000000 00:00 0 
7fd8f8a04000-7fd8f8bc4000 ---p 00000000 00:00 0 
7fd8f8e5e000-7fd8f905e000 rw-p 00000000 00:00 0 
7fd8f949a000-7fd8f949b000 ---p 00000000 00:00 0 
7fd8f949b000-7fd8f979c000 rw-p 00000000 00:00 0 
7fd8f979c000-7fd8f999c000 rw-p 00000000 00:00 0 
7fd8f999c000-7fd8f999d000 ---p 00000000 00:00 0 
7fd8f999d000-7fd8f9a9e000 rw-p 00000000 00:00 0 
7fd8f9a9e000-7fd8fa000000 r--p 00000000 103:05 6716219                   /usr/lib/locale/locale-archive
7fd8fa000000-7fd8fc000000 rw-p 00000000 00:00 0 
7fd8fc000000-7fd8fc021000 rw-p 00000000 00:00 0 
7fd8fc021000-7fd900000000 ---p 00000000 00:00 0 
7fd90006d000-7fd900071000 ---p 00000000 00:00 0 
7fd900071000-7fd90016d000 rw-p 00000000 00:00 0 
7fd90016d000-7fd900171000 ---p 00000000 00:00 0 
7fd900171000-7fd90026d000 rw-p 00000000 00:00 0 
7fd90026d000-7fd900271000 ---p 00000000 00:00 0 
7fd900271000-7fd90036d000 rw-p 00000000 00:00 0 
7fd90036d000-7fd900370000 r--p 00000000 103:05 6717974                   /usr/lib/libnss_resolve.so.2
7fd900370000-7fd900387000 r-xp 00003000 103:05 6717974                   /usr/lib/libnss_resolve.so.2
7fd900387000-7fd90038e000 r--p 0001a000 103:05 6717974                   /usr/lib/libnss_resolve.so.2
7fd90038e000-7fd90038f000 ---p 00021000 103:05 6717974                   /usr/lib/libnss_resolve.so.2
7fd90038f000-7fd900390000 r--p 00021000 103:05 6717974                   /usr/lib/libnss_resolve.so.2
7fd900390000-7fd900391000 rw-p 00022000 103:05 6717974                   /usr/lib/libnss_resolve.so.2
7fd900391000-7fd900398000 r--p 00000000 103:05 6717972                   /usr/lib/libnss_mymachines.so.2
7fd900398000-7fd9003ce000 r-xp 00007000 103:05 6717972                   /usr/lib/libnss_mymachines.so.2
7fd9003ce000-7fd9003e1000 r--p 0003d000 103:05 6717972                   /usr/lib/libnss_mymachines.so.2
7fd9003e1000-7fd9003e2000 ---p 00050000 103:05 6717972                   /usr/lib/libnss_mymachines.so.2
7fd9003e2000-7fd9003e5000 r--p 00050000 103:05 6717972                   /usr/lib/libnss_mymachines.so.2
7fd9003e5000-7fd9003e6000 rw-p 00053000 103:05 6717972                   /usr/lib/libnss_mymachines.so.2
7fd9003e6000-7fd9003e7000 rw-p 00000000 00:00 0 
7fd900450000-7fd900454000 ---p 00000000 00:00 0 
7fd900454000-7fd900728000 rw-p 00000000 00:00 0 
7fd900728000-7fd9022a8000 ---p 00000000 00:00 0 
7fd9022a8000-7fd902480000 rw-p 00000000 00:00 0 
7fd902480000-7fd904000000 ---p 00000000 00:00 0 
7fd904000000-7fd904021000 rw-p 00000000 00:00 0 
7fd904021000-7fd908000000 ---p 00000000 00:00 0 
7fd908003000-7fd908007000 r--p 00000000 103:05 6700448                   /usr/lib/libresolv.so.2
7fd908007000-7fd908010000 r-xp 00004000 103:05 6700448                   /usr/lib/libresolv.so.2
7fd908010000-7fd908012000 r--p 0000d000 103:05 6700448                   /usr/lib/libresolv.so.2
7fd908012000-7fd908013000 ---p 0000f000 103:05 6700448                   /usr/lib/libresolv.so.2
7fd908013000-7fd908014000 r--p 0000f000 103:05 6700448                   /usr/lib/libresolv.so.2
7fd908014000-7fd908015000 rw-p 00010000 103:05 6700448                   /usr/lib/libresolv.so.2
7fd908015000-7fd908017000 rw-p 00000000 00:00 0 
7fd908017000-7fd908018000 r--p 00000000 103:05 6699399                   /usr/lib/libnss_mdns4_minimal.so.2
7fd908018000-7fd90801a000 r-xp 00001000 103:05 6699399                   /usr/lib/libnss_mdns4_minimal.so.2
7fd90801a000-7fd90801b000 r--p 00003000 103:05 6699399                   /usr/lib/libnss_mdns4_minimal.so.2
7fd90801b000-7fd90801c000 r--p 00003000 103:05 6699399                   /usr/lib/libnss_mdns4_minimal.so.2
7fd90801c000-7fd90801d000 rw-p 00004000 103:05 6699399                   /usr/lib/libnss_mdns4_minimal.so.2
7fd90801d000-7fd908020000 r--p 00000000 103:05 6699007                   /usr/lib/libcap.so.2.63
7fd908020000-7fd908025000 r-xp 00003000 103:05 6699007                   /usr/lib/libcap.so.2.63
7fd908025000-7fd908027000 r--p 00008000 103:05 6699007                   /usr/lib/libcap.so.2.63
7fd908027000-7fd908028000 r--p 00009000 103:05 6699007                   /usr/lib/libcap.so.2.63
7fd908028000-7fd908029000 rw-p 0000a000 103:05 6699007                   /usr/lib/libcap.so.2.63
7fd908029000-7fd90802d000 ---p 00000000 00:00 0 
7fd90802d000-7fd908129000 rw-p 00000000 00:00 0 
7fd908129000-7fd90812d000 ---p 00000000 00:00 0 
7fd90812d000-7fd908229000 rw-p 00000000 00:00 0 
7fd908229000-7fd90822d000 ---p 00000000 00:00 0 
7fd90822d000-7fd908329000 rw-p 00000000 00:00 0 
7fd908329000-7fd90832d000 ---p 00000000 00:00 0 
7fd90832d000-7fd908429000 rw-p 00000000 00:00 0 
7fd908429000-7fd90842d000 ---p 00000000 00:00 0 
7fd90842d000-7fd908529000 rw-p 00000000 00:00 0 
7fd908529000-7fd90852d000 ---p 00000000 00:00 0 
7fd90852d000-7fd908629000 rw-p 00000000 00:00 0 
7fd908629000-7fd90862d000 ---p 00000000 00:00 0 
7fd90862d000-7fd908729000 rw-p 00000000 00:00 0 
7fd908729000-7fd90872a000 ---p 00000000 00:00 0 
7fd90872a000-7fd90882b000 rw-p 00000000 00:00 0 
7fd90882b000-7fd908a9b000 rwxp 00000000 00:00 0 
7fd908a9b000-7fd908dbc000 ---p 00000000 00:00 0 
7fd908dbc000-7fd90902c000 rwxp 00000000 00:00 0 
7fd90902c000-7fd9102f3000 ---p 00000000 00:00 0 
7fd9102f3000-7fd910563000 rwxp 00000000 00:00 0 
7fd910563000-7fd91782b000 ---p 00000000 00:00 0 
7fd91782b000-7fd920000000 r--s 00000000 103:05 6821373                   /usr/lib/jvm/java-11-openjdk/lib/modules
7fd920000000-7fd920960000 rw-p 00000000 00:00 0 
7fd920960000-7fd924000000 ---p 00000000 00:00 0 
7fd924010000-7fd924014000 r--p 00000000 103:05 6821356                   /usr/lib/jvm/java-11-openjdk/lib/libnet.so
7fd924014000-7fd924022000 r-xp 00004000 103:05 6821356                   /usr/lib/jvm/java-11-openjdk/lib/libnet.so
7fd924022000-7fd924026000 r--p 00012000 103:05 6821356                   /usr/lib/jvm/java-11-openjdk/lib/libnet.so
7fd924026000-7fd924027000 r--p 00015000 103:05 6821356                   /usr/lib/jvm/java-11-openjdk/lib/libnet.so
7fd924027000-7fd924028000 rw-p 00016000 103:05 6821356                   /usr/lib/jvm/java-11-openjdk/lib/libnet.so
7fd924028000-7fd92402f000 r--p 00000000 103:05 6821358                   /usr/lib/jvm/java-11-openjdk/lib/libnio.so
7fd92402f000-7fd924036000 r-xp 00007000 103:05 6821358                   /usr/lib/jvm/java-11-openjdk/lib/libnio.so
7fd924036000-7fd924039000 r--p 0000e000 103:05 6821358                   /usr/lib/jvm/java-11-openjdk/lib/libnio.so
7fd924039000-7fd92403a000 r--p 00010000 103:05 6821358                   /usr/lib/jvm/java-11-openjdk/lib/libnio.so
7fd92403a000-7fd92403b000 rw-p 00011000 103:05 6821358                   /usr/lib/jvm/java-11-openjdk/lib/libnio.so
7fd92403b000-7fd92403d000 r--p 00000000 103:05 6821320                   /usr/lib/jvm/java-11-openjdk/lib/libdt_socket.so
7fd92403d000-7fd924040000 r-xp 00002000 103:05 6821320                   /usr/lib/jvm/java-11-openjdk/lib/libdt_socket.so
7fd924040000-7fd924041000 r--p 00005000 103:05 6821320                   /usr/lib/jvm/java-11-openjdk/lib/libdt_socket.so
7fd924041000-7fd924042000 r--p 00005000 103:05 6821320                   /usr/lib/jvm/java-11-openjdk/lib/libdt_socket.so
7fd924042000-7fd924043000 rw-p 00006000 103:05 6821320                   /usr/lib/jvm/java-11-openjdk/lib/libdt_socket.so
7fd924043000-7fd92491f000 rw-p 00000000 00:00 0 
7fd92491f000-7fd924920000 ---p 00000000 00:00 0 
7fd924920000-7fd924a21000 rw-p 00000000 00:00 0 
7fd924a21000-7fd924a22000 ---p 00000000 00:00 0 
7fd924a22000-7fd92532b000 rw-p 00000000 00:00 0 
7fd92532b000-7fd92532c000 ---p 00000000 00:00 0 
7fd92532c000-7fd92542d000 rw-p 00000000 00:00 0 
7fd92542d000-7fd92542e000 ---p 00000000 00:00 0 
7fd92542e000-7fd9255e4000 rw-p 00000000 00:00 0 
7fd9255e4000-7fd925954000 ---p 00000000 00:00 0 
7fd925954000-7fd92598f000 rw-p 00000000 00:00 0 
7fd92598f000-7fd925cff000 ---p 00000000 00:00 0 
7fd925cff000-7fd925d3a000 rw-p 00000000 00:00 0 
7fd925d3a000-7fd9260aa000 ---p 00000000 00:00 0 
7fd9260aa000-7fd9268b2000 rw-p 00000000 00:00 0 
7fd9268b2000-7fd9268b3000 ---p 00000000 00:00 0 
7fd9268b3000-7fd9269b9000 rw-p 00000000 00:00 0 
7fd9269b9000-7fd926a9f000 ---p 00000000 00:00 0 
7fd926a9f000-7fd926aa4000 rw-p 00000000 00:00 0 
7fd926aa4000-7fd926b8a000 ---p 00000000 00:00 0 
7fd926b8a000-7fd926b8f000 rw-p 00000000 00:00 0 
7fd926b8f000-7fd926b96000 ---p 00000000 00:00 0 
7fd926b96000-7fd926b99000 r--p 00000000 103:05 6821372                   /usr/lib/jvm/java-11-openjdk/lib/libzip.so
7fd926b99000-7fd926b9d000 r-xp 00003000 103:05 6821372                   /usr/lib/jvm/java-11-openjdk/lib/libzip.so
7fd926b9d000-7fd926b9f000 r--p 00007000 103:05 6821372                   /usr/lib/jvm/java-11-openjdk/lib/libzip.so
7fd926b9f000-7fd926ba0000 r--p 00008000 103:05 6821372                   /usr/lib/jvm/java-11-openjdk/lib/libzip.so
7fd926ba0000-7fd926ba1000 rw-p 00009000 103:05 6821372                   /usr/lib/jvm/java-11-openjdk/lib/libzip.so
7fd926ba1000-7fd926ba9000 rw-s 00000000 00:20 249                        /tmp/hsperfdata_mario/9082
7fd926ba9000-7fd926bab000 r--p 00000000 103:05 6821340                   /usr/lib/jvm/java-11-openjdk/lib/libjdwp.so
7fd926bab000-7fd926bd8000 r-xp 00002000 103:05 6821340                   /usr/lib/jvm/java-11-openjdk/lib/libjdwp.so
7fd926bd8000-7fd926be6000 r--p 0002f000 103:05 6821340                   /usr/lib/jvm/java-11-openjdk/lib/libjdwp.so
7fd926be6000-7fd926be7000 r--p 0003c000 103:05 6821340                   /usr/lib/jvm/java-11-openjdk/lib/libjdwp.so
7fd926be7000-7fd926be8000 rw-p 0003d000 103:05 6821340                   /usr/lib/jvm/java-11-openjdk/lib/libjdwp.so
7fd926be8000-7fd926bf6000 r--p 00000000 103:05 6821336                   /usr/lib/jvm/java-11-openjdk/lib/libjava.so
7fd926bf6000-7fd926c0b000 r-xp 0000e000 103:05 6821336                   /usr/lib/jvm/java-11-openjdk/lib/libjava.so
7fd926c0b000-7fd926c11000 r--p 00023000 103:05 6821336                   /usr/lib/jvm/java-11-openjdk/lib/libjava.so
7fd926c11000-7fd926c12000 ---p 00029000 103:05 6821336                   /usr/lib/jvm/java-11-openjdk/lib/libjava.so
7fd926c12000-7fd926c13000 r--p 00029000 103:05 6821336                   /usr/lib/jvm/java-11-openjdk/lib/libjava.so
7fd926c13000-7fd926c14000 rw-p 0002a000 103:05 6821336                   /usr/lib/jvm/java-11-openjdk/lib/libjava.so
7fd926c14000-7fd926c15000 rw-p 00000000 00:00 0 
7fd926c15000-7fd926c16000 r--p 00000000 103:05 6700480                   /usr/lib/librt.so.1
7fd926c16000-7fd926c17000 r-xp 00001000 103:05 6700480                   /usr/lib/librt.so.1
7fd926c17000-7fd926c18000 r--p 00002000 103:05 6700480                   /usr/lib/librt.so.1
7fd926c18000-7fd926c19000 r--p 00002000 103:05 6700480                   /usr/lib/librt.so.1
7fd926c19000-7fd926c1a000 rw-p 00003000 103:05 6700480                   /usr/lib/librt.so.1
7fd926c1a000-7fd926c1e000 ---p 00000000 00:00 0 
7fd926c1e000-7fd926d1a000 rw-p 00000000 00:00 0 
7fd926d1a000-7fd926d1d000 r--p 00000000 103:05 6689244                   /usr/lib/libgcc_s.so.1
7fd926d1d000-7fd926d2f000 r-xp 00003000 103:05 6689244                   /usr/lib/libgcc_s.so.1
7fd926d2f000-7fd926d32000 r--p 00015000 103:05 6689244                   /usr/lib/libgcc_s.so.1
7fd926d32000-7fd926d33000 ---p 00018000 103:05 6689244                   /usr/lib/libgcc_s.so.1
7fd926d33000-7fd926d34000 r--p 00018000 103:05 6689244                   /usr/lib/libgcc_s.so.1
7fd926d34000-7fd926d35000 rw-p 00019000 103:05 6689244                   /usr/lib/libgcc_s.so.1
7fd926d35000-7fd926d45000 r--p 00000000 103:05 6694267                   /usr/lib/libm.so.6
7fd926d45000-7fd926dbf000 r-xp 00010000 103:05 6694267                   /usr/lib/libm.so.6
7fd926dbf000-7fd926e1b000 r--p 0008a000 103:05 6694267                   /usr/lib/libm.so.6
7fd926e1b000-7fd926e1c000 r--p 000e5000 103:05 6694267                   /usr/lib/libm.so.6
7fd926e1c000-7fd926e1d000 rw-p 000e6000 103:05 6694267                   /usr/lib/libm.so.6
7fd926e1d000-7fd926eb6000 r--p 00000000 103:05 6697186                   /usr/lib/libstdc++.so.6.0.29
7fd926eb6000-7fd926fbf000 r-xp 00099000 103:05 6697186                   /usr/lib/libstdc++.so.6.0.29
7fd926fbf000-7fd927031000 r--p 001a2000 103:05 6697186                   /usr/lib/libstdc++.so.6.0.29
7fd927031000-7fd927032000 ---p 00214000 103:05 6697186                   /usr/lib/libstdc++.so.6.0.29
7fd927032000-7fd92703f000 r--p 00214000 103:05 6697186                   /usr/lib/libstdc++.so.6.0.29
7fd92703f000-7fd927040000 rw-p 00221000 103:05 6697186                   /usr/lib/libstdc++.so.6.0.29
7fd927040000-7fd927043000 rw-p 00000000 00:00 0 
7fd927043000-7fd9272bc000 r--p 00000000 103:05 6821383                   /usr/lib/jvm/java-11-openjdk/lib/server/libjvm.so
7fd9272bc000-7fd927f2a000 r-xp 00279000 103:05 6821383                   /usr/lib/jvm/java-11-openjdk/lib/server/libjvm.so
7fd927f2a000-7fd92820f000 r--p 00ee7000 103:05 6821383                   /usr/lib/jvm/java-11-openjdk/lib/server/libjvm.so
7fd92820f000-7fd9282d0000 r--p 011cb000 103:05 6821383                   /usr/lib/jvm/java-11-openjdk/lib/server/libjvm.so
7fd9282d0000-7fd92830a000 rw-p 0128c000 103:05 6821383                   /usr/lib/jvm/java-11-openjdk/lib/server/libjvm.so
7fd92830a000-7fd928362000 rw-p 00000000 00:00 0 
7fd928362000-7fd928365000 r--p 00000000 103:05 6697222                   /usr/lib/libz.so.1.2.12
7fd928365000-7fd928373000 r-xp 00003000 103:05 6697222                   /usr/lib/libz.so.1.2.12
7fd928373000-7fd92837a000 r--p 00011000 103:05 6697222                   /usr/lib/libz.so.1.2.12
7fd92837a000-7fd92837b000 r--p 00017000 103:05 6697222                   /usr/lib/libz.so.1.2.12
7fd92837b000-7fd92837c000 rw-p 00018000 103:05 6697222                   /usr/lib/libz.so.1.2.12
7fd92837c000-7fd9283a8000 r--p 00000000 103:05 6694254                   /usr/lib/libc.so.6
7fd9283a8000-7fd92851e000 r-xp 0002c000 103:05 6694254                   /usr/lib/libc.so.6
7fd92851e000-7fd928572000 r--p 001a2000 103:05 6694254                   /usr/lib/libc.so.6
7fd928572000-7fd928573000 ---p 001f6000 103:05 6694254                   /usr/lib/libc.so.6
7fd928573000-7fd928576000 r--p 001f6000 103:05 6694254                   /usr/lib/libc.so.6
7fd928576000-7fd928579000 rw-p 001f9000 103:05 6694254                   /usr/lib/libc.so.6
7fd928579000-7fd928586000 rw-p 00000000 00:00 0 
7fd92858b000-7fd92858d000 r--p 00000000 103:05 6821326                   /usr/lib/jvm/java-11-openjdk/lib/libinstrument.so
7fd92858d000-7fd928593000 r-xp 00002000 103:05 6821326                   /usr/lib/jvm/java-11-openjdk/lib/libinstrument.so
7fd928593000-7fd928596000 r--p 00008000 103:05 6821326                   /usr/lib/jvm/java-11-openjdk/lib/libinstrument.so
7fd928596000-7fd928597000 r--p 0000a000 103:05 6821326                   /usr/lib/jvm/java-11-openjdk/lib/libinstrument.so
7fd928597000-7fd928598000 rw-p 0000b000 103:05 6821326                   /usr/lib/jvm/java-11-openjdk/lib/libinstrument.so
7fd928598000-7fd928599000 ---p 00000000 00:00 0 
7fd928599000-7fd92859a000 r--p 00000000 00:00 0 
7fd92859a000-7fd92859c000 r--p 00000000 103:05 6821342                   /usr/lib/jvm/java-11-openjdk/lib/libjimage.so
7fd92859c000-7fd92859f000 r-xp 00002000 103:05 6821342                   /usr/lib/jvm/java-11-openjdk/lib/libjimage.so
7fd92859f000-7fd9285a0000 r--p 00005000 103:05 6821342                   /usr/lib/jvm/java-11-openjdk/lib/libjimage.so
7fd9285a0000-7fd9285a1000 ---p 00006000 103:05 6821342                   /usr/lib/jvm/java-11-openjdk/lib/libjimage.so
7fd9285a1000-7fd9285a2000 r--p 00006000 103:05 6821342                   /usr/lib/jvm/java-11-openjdk/lib/libjimage.so
7fd9285a2000-7fd9285a3000 rw-p 00007000 103:05 6821342                   /usr/lib/jvm/java-11-openjdk/lib/libjimage.so
7fd9285a3000-7fd9285a8000 r--p 00000000 103:05 6821370                   /usr/lib/jvm/java-11-openjdk/lib/libverify.so
7fd9285a8000-7fd9285af000 r-xp 00005000 103:05 6821370                   /usr/lib/jvm/java-11-openjdk/lib/libverify.so
7fd9285af000-7fd9285b1000 r--p 0000c000 103:05 6821370                   /usr/lib/jvm/java-11-openjdk/lib/libverify.so
7fd9285b1000-7fd9285b3000 r--p 0000d000 103:05 6821370                   /usr/lib/jvm/java-11-openjdk/lib/libverify.so
7fd9285b3000-7fd9285b4000 rw-p 0000f000 103:05 6821370                   /usr/lib/jvm/java-11-openjdk/lib/libverify.so
7fd9285b4000-7fd9285b7000 r--p 00000000 103:05 6818827                   /usr/lib/jvm/java-11-openjdk/lib/jli/libjli.so
7fd9285b7000-7fd9285c1000 r-xp 00003000 103:05 6818827                   /usr/lib/jvm/java-11-openjdk/lib/jli/libjli.so
7fd9285c1000-7fd9285c4000 r--p 0000d000 103:05 6818827                   /usr/lib/jvm/java-11-openjdk/lib/jli/libjli.so
7fd9285c4000-7fd9285c5000 ---p 00010000 103:05 6818827                   /usr/lib/jvm/java-11-openjdk/lib/jli/libjli.so
7fd9285c5000-7fd9285c6000 r--p 00010000 103:05 6818827                   /usr/lib/jvm/java-11-openjdk/lib/jli/libjli.so
7fd9285c6000-7fd9285c7000 rw-p 00011000 103:05 6818827                   /usr/lib/jvm/java-11-openjdk/lib/jli/libjli.so
7fd9285c7000-7fd9285c9000 rw-p 00000000 00:00 0 
7fd9285c9000-7fd9285cb000 r--p 00000000 103:05 6694244                   /usr/lib/ld-linux-x86-64.so.2
7fd9285cb000-7fd9285f2000 r-xp 00002000 103:05 6694244                   /usr/lib/ld-linux-x86-64.so.2
7fd9285f2000-7fd9285fd000 r--p 00029000 103:05 6694244                   /usr/lib/ld-linux-x86-64.so.2
7fd9285fe000-7fd928600000 r--p 00034000 103:05 6694244                   /usr/lib/ld-linux-x86-64.so.2
7fd928600000-7fd928602000 rw-p 00036000 103:05 6694244                   /usr/lib/ld-linux-x86-64.so.2
7ffc5883c000-7ffc5885e000 rw-p 00000000 00:00 0                          [stack]
7ffc589eb000-7ffc589ef000 r--p 00000000 00:00 0                          [vvar]
7ffc589ef000-7ffc589f1000 r-xp 00000000 00:00 0                          [vdso]
ffffffffff600000-ffffffffff601000 --xp 00000000 00:00 0                  [vsyscall]


VM Arguments:
jvm_args: -agentlib:jdwp=transport=dt_socket,suspend=y,address=localhost:36649 -javaagent:/home/mario/.eclipse/197455291_linux_gtk_x86_64/configuration/org.eclipse.osgi/222/0/.cp/lib/javaagent-shaded.jar -Dfile.encoding=UTF-8 
java_command: raceControl.Main
java_class_path (initial): /home/mario/Escritorio/Bootcamp/Programacion/RaceControl/target/classes:/var/lib/snapd/snap/eclipse/48/plugins/org.junit.jupiter.api_5.5.1.v20190826-0900.jar:/var/lib/snapd/snap/eclipse/48/plugins/org.junit.jupiter.engine_5.5.1.v20190826-0900.jar:/var/lib/snapd/snap/eclipse/48/plugins/org.junit.jupiter.migrationsupport_5.5.1.v20190826-0900.jar:/var/lib/snapd/snap/eclipse/48/plugins/org.junit.jupiter.params_5.5.1.v20190826-0900.jar:/var/lib/snapd/snap/eclipse/48/plugins/org.junit.platform.commons_1.5.1.v20190826-0900.jar:/var/lib/snapd/snap/eclipse/48/plugins/org.junit.platform.engine_1.5.1.v20190826-0900.jar:/var/lib/snapd/snap/eclipse/48/plugins/org.junit.platform.launcher_1.5.1.v20190826-0900.jar:/var/lib/snapd/snap/eclipse/48/plugins/org.junit.platform.runner_1.5.1.v20190826-0900.jar:/var/lib/snapd/snap/eclipse/48/plugins/org.junit.platform.suite.api_1.5.1.v20190826-0900.jar:/var/lib/snapd/snap/eclipse/48/plugins/org.junit.vintage.engine_5.5.1.v20190826-0900.jar:/var/lib/snapd/snap/eclipse/48/plugins/org.opentest4j_1.2.0.v20190826-0900.jar:/var/lib/snapd/snap/eclipse/48/plugins/org.apiguardian_1.1.0.v20190826-0900.jar:/var/lib/snapd/snap/eclipse/48/plugins/org.junit_4.12.0.v201504281640/junit.jar:/var/lib/snapd/snap/eclipse/48/plugins/org.hamcrest.core_1.3.0.v20180420-1519.jar:/home/mario/.m2/repository/com/fasterxml/jackson/core/jackson-databind/2.13.2.2/jackson-databind-2.13.2.2.jar:/home/mario/.m2/repository/com/fasterxml/jackson/core/jackson-annotations/2.13.2/jackson-annotations-2.13.2.jar:/home/mario/.m2/repository/com/fasterxml/jackson/core/jackson-core/2.13.2/jackson-core-2.13.2.jar:/home/mario/.m2/repository/com/google/code/gson/gson/2.8.9/gson-2.8.9.jar
Launcher Type: SUN_STANDARD

[Global flags]
     intx CICompilerCount                          = 4                                         {product} {ergonomic}
     uint ConcGCThreads                            = 2                                         {product} {ergonomic}
     uint G1ConcRefinementThreads                  = 8                                         {product} {ergonomic}
   size_t G1HeapRegionSize                         = 1048576                                   {product} {ergonomic}
    uintx GCDrainStackTargetSize                   = 64                                        {product} {ergonomic}
   size_t InitialHeapSize                          = 123731968                                 {product} {ergonomic}
   size_t MarkStackSize                            = 4194304                                   {product} {ergonomic}
   size_t MaxHeapSize                              = 1969225728                                {product} {ergonomic}
   size_t MaxNewSize                               = 1180696576                                {product} {ergonomic}
   size_t MinHeapDeltaBytes                        = 1048576                                   {product} {ergonomic}
    uintx NonNMethodCodeHeapSize                   = 5836300                                {pd product} {ergonomic}
    uintx NonProfiledCodeHeapSize                  = 122910970                              {pd product} {ergonomic}
    uintx ProfiledCodeHeapSize                     = 122910970                              {pd product} {ergonomic}
    uintx ReservedCodeCacheSize                    = 251658240                              {pd product} {ergonomic}
     bool SegmentedCodeCache                       = true                                      {product} {ergonomic}
     bool UseCompressedClassPointers               = true                                 {lp64_product} {ergonomic}
     bool UseCompressedOops                        = true                                 {lp64_product} {ergonomic}
     bool UseG1GC                                  = true                                      {product} {ergonomic}

Logging:
Log output configuration:
 #0: stdout all=warning uptime,level,tags
 #1: stderr all=off uptime,level,tags

Environment Variables:
PATH=/home/mario/.local/bin:/usr/local/sbin:/usr/local/bin:/usr/bin:/home/mario/.dotnet/tools:/var/lib/flatpak/exports/bin:/usr/lib/jvm/default/bin:/usr/bin/site_perl:/usr/bin/vendor_perl:/usr/bin/core_perl:/var/lib/snapd/snap/bin
SHELL=/usr/bin/zsh
DISPLAY=:0
LANG=es_ES.UTF-8

Signal Handlers:
SIGSEGV: [libjvm.so+0xe6d440], sa_mask[0]=11111111011111111101111111111110, sa_flags=SA_RESTART|SA_SIGINFO
SIGBUS: [libjvm.so+0xe6d440], sa_mask[0]=11111111011111111101111111111110, sa_flags=SA_RESTART|SA_SIGINFO
SIGFPE: [libjvm.so+0xe6d440], sa_mask[0]=11111111011111111101111111111110, sa_flags=SA_RESTART|SA_SIGINFO
SIGPIPE: [libjvm.so+0xc57f60], sa_mask[0]=11111111011111111101111111111110, sa_flags=SA_RESTART|SA_SIGINFO
SIGXFSZ: [libjvm.so+0xc57f60], sa_mask[0]=11111111011111111101111111111110, sa_flags=SA_RESTART|SA_SIGINFO
SIGILL: [libjvm.so+0xe6d440], sa_mask[0]=11111111011111111101111111111110, sa_flags=SA_RESTART|SA_SIGINFO
SIGUSR2: [libjvm.so+0xc57de0], sa_mask[0]=00100000000000000000000000000000, sa_flags=SA_RESTART|SA_SIGINFO
SIGHUP: [libjvm.so+0xc583f0], sa_mask[0]=11111111011111111101111111111110, sa_flags=SA_RESTART|SA_SIGINFO
SIGINT: [libjvm.so+0xc583f0], sa_mask[0]=11111111011111111101111111111110, sa_flags=SA_RESTART|SA_SIGINFO
SIGTERM: [libjvm.so+0xc583f0], sa_mask[0]=11111111011111111101111111111110, sa_flags=SA_RESTART|SA_SIGINFO
SIGQUIT: [libjvm.so+0xc583f0], sa_mask[0]=11111111011111111101111111111110, sa_flags=SA_RESTART|SA_SIGINFO


---------------  S Y S T E M  ---------------

OS:DISTRIB_ID=ManjaroLinux
DISTRIB_RELEASE=21.2.6
DISTRIB_CODENAME=Qonos
DISTRIB_DESCRIPTION="Manjaro Linux"
uname:Linux 5.10.109-1-MANJARO #1 SMP PREEMPT Mon Mar 28 09:16:20 UTC 2022 x86_64
OS uptime: 0 days 1:05 hours
libc:glibc 2.35 NPTL 2.35 
rlimit (soft/hard): STACK 8192k/infinity , CORE infinity/infinity , NPROC 29969/29969 , NOFILE 524288/524288 , AS infinity/infinity , CPU infinity/infinity , DATA infinity/infinity , FSIZE infinity/infinity , MEMLOCK 64k/64k
load average:2,67 2,42 2,05

/proc/meminfo:
MemTotal:        7692176 kB
MemFree:          227156 kB
MemAvailable:    1506788 kB
Buffers:          150528 kB
Cached:          2309656 kB
SwapCached:            0 kB
Active:          1025596 kB
Inactive:        5157196 kB
Active(anon):      34192 kB
Inactive(anon):  4689260 kB
Active(file):     991404 kB
Inactive(file):   467936 kB
Unevictable:      753884 kB
Mlocked:             100 kB
SwapTotal:             0 kB
SwapFree:              0 kB
Dirty:              2232 kB
Writeback:             0 kB
AnonPages:       4476620 kB
Mapped:          1023880 kB
Shmem:           1003564 kB
KReclaimable:      94788 kB
Slab:             242384 kB
SReclaimable:      94788 kB
SUnreclaim:       147596 kB
KernelStack:       22192 kB
PageTables:        68624 kB
NFS_Unstable:          0 kB
Bounce:                0 kB
WritebackTmp:          0 kB
CommitLimit:     3846088 kB
Committed_AS:   17456032 kB
VmallocTotal:   34359738367 kB
VmallocUsed:       98348 kB
VmallocChunk:          0 kB
Percpu:             6528 kB
HardwareCorrupted:     0 kB
AnonHugePages:         0 kB
ShmemHugePages:        0 kB
ShmemPmdMapped:        0 kB
FileHugePages:         0 kB
FilePmdMapped:         0 kB
CmaTotal:              0 kB
CmaFree:               0 kB
HugePages_Total:       0
HugePages_Free:        0
HugePages_Rsvd:        0
HugePages_Surp:        0
Hugepagesize:       2048 kB
Hugetlb:               0 kB
DirectMap4k:      367680 kB
DirectMap2M:     7565312 kB
DirectMap1G:     1048576 kB

/sys/kernel/mm/transparent_hugepage/enabled:
always [madvise] never
/sys/kernel/mm/transparent_hugepage/defrag (defrag/compaction efforts parameter):
always defer defer+madvise [madvise] never

Process Memory:
Virtual Size: 4860700K (peak: 4922140K)
Resident Set Size: 130424K (peak: 134264K) (anon: 109348K, file: 21044K, shmem: 32K)
Swapped out: 0K
C-Heap outstanding allocations: 8351K

/proc/sys/kernel/threads-max (system-wide limit on the number of threads):
59939
/proc/sys/vm/max_map_count (maximum number of memory map areas a process may have):
65530
/proc/sys/kernel/pid_max (system-wide limit on number of process identifiers):
4194304

Steal ticks since vm start: 0
Steal ticks percentage since vm start:  0,000

CPU:total 8 (initial active 8) (4 cores per cpu, 2 threads per core) family 6 model 126 stepping 5 microcode 0xa8, cmov, cx8, fxsr, mmx, sse, sse2, sse3, ssse3, sse4.1, sse4.2, popcnt, avx, avx2, aes, clmul, erms, 3dnowpref, lzcnt, ht, tsc, tscinvbit, bmi1, bmi2, adx, evex, sha, fma
CPU Model and flags from /proc/cpuinfo:
model name	: Intel(R) Core(TM) i5-1035G1 CPU @ 1.00GHz
flags		: fpu vme de pse tsc msr pae mce cx8 apic sep mtrr pge mca cmov pat pse36 clflush dts acpi mmx fxsr sse sse2 ss ht tm pbe syscall nx pdpe1gb rdtscp lm constant_tsc art arch_perfmon pebs bts rep_good nopl xtopology nonstop_tsc cpuid aperfmperf tsc_known_freq pni pclmulqdq dtes64 monitor ds_cpl vmx est tm2 ssse3 sdbg fma cx16 xtpr pdcm pcid sse4_1 sse4_2 x2apic movbe popcnt tsc_deadline_timer aes xsave avx f16c rdrand lahf_lm abm 3dnowprefetch cpuid_fault epb invpcid_single ssbd ibrs ibpb stibp ibrs_enhanced tpr_shadow vnmi flexpriority ept vpid ept_ad fsgsbase tsc_adjust bmi1 avx2 smep bmi2 erms invpcid avx512f avx512dq rdseed adx smap avx512ifma clflushopt intel_pt avx512cd sha_ni avx512bw avx512vl xsaveopt xsavec xgetbv1 xsaves split_lock_detect dtherm ida arat pln pts hwp hwp_notify hwp_act_window hwp_epp hwp_pkg_req avx512vbmi umip pku ospke avx512_vbmi2 gfni vaes vpclmulqdq avx512_vnni avx512_bitalg avx512_vpopcntdq rdpid fsrm md_clear flush_l1d arch_capabilities
Online cpus:
0-7
Offline cpus:

BIOS frequency limitation:
<Not Available>
Frequency switch latency (ns):
0
Available cpu frequencies:
<Not Available>
Current governor:
powersave
Core performance/turbo boost:
<Not Available>

Memory: 4k page, physical 7692176k(227156k free), swap 0k(0k free)

vm_info: OpenJDK 64-Bit Server VM (11.0.15+3) for linux-amd64 JRE (11.0.15+3), built on Feb 23 2022 11:04:07 by "builduser" with gcc 11.2.0

END.
