/*C2*/SET SCHEMA PUBLIC
DISCONNECT
/*C8*/SET SCHEMA PUBLIC
DISCONNECT
/*C7*/SET SCHEMA PUBLIC
DISCONNECT
/*C6*/SET SCHEMA PUBLIC
DISCONNECT
/*C9*/SET SCHEMA PUBLIC
DISCONNECT
/*C5*/SET SCHEMA PUBLIC
DISCONNECT
/*C4*/SET SCHEMA PUBLIC
DISCONNECT
/*C3*/SET SCHEMA PUBLIC
DISCONNECT
/*C10*/SET SCHEMA PUBLIC
DISCONNECT
/*C11*/SET SCHEMA PUBLIC
DISCONNECT
/*C14*/SET SCHEMA PUBLIC
SET SCHEMA PUBLIC
SET SCHEMA PUBLIC
INSERT INTO TSERVER_PERMISSION VALUES(1,'com.ontimize.hr.api.core.service.IOfferService/offerQuery')
COMMIT
INSERT INTO TSERVER_PERMISSION VALUES(2,'com.ontimize.hr.api.core.service.IOfferService/offerInsert')
COMMIT
INSERT INTO TSERVER_PERMISSION VALUES(3,'com.ontimize.hr.api.core.service.IOfferService/offerUpdate')
COMMIT
INSERT INTO TSERVER_PERMISSION VALUES(4,'com.ontimize.hr.api.core.service.IOfferService/offerDelete')
COMMIT
INSERT INTO TSERVER_PERMISSION VALUES(5,'com.ontimize.hr.api.core.service.IOfferService/offerStatusQuery')
COMMIT
INSERT INTO TSERVER_PERMISSION VALUES(6,'com.ontimize.hr.api.core.service.IOfferService/offerStatusInsert')
COMMIT
INSERT INTO TSERVER_PERMISSION VALUES(7,'com.ontimize.hr.api.core.service.IOfferService/offerStatusUpdate')
COMMIT
INSERT INTO TSERVER_PERMISSION VALUES(8,'com.ontimize.hr.api.core.service.IOfferService/offerStatusDelete')
COMMIT
INSERT INTO TSERVER_PERMISSION VALUES(9,'com.ontimize.hr.api.core.service.IOfferService/offerCandidateQuery')
COMMIT
INSERT INTO TSERVER_PERMISSION VALUES(10,'com.ontimize.hr.api.core.service.IOfferService/offerCandidateDetailsQuery')
COMMIT
INSERT INTO TSERVER_PERMISSION VALUES(11,'com.ontimize.hr.api.core.service.IOfferService/offerCandidateInsert')
COMMIT
INSERT INTO TSERVER_PERMISSION VALUES(12,'com.ontimize.hr.api.core.service.IOfferService/offerCandidateUpdate')
COMMIT
INSERT INTO TSERVER_PERMISSION VALUES(13,'com.ontimize.hr.api.core.service.IOfferService/offerCandidateDelete')
COMMIT
INSERT INTO TSERVER_PERMISSION VALUES(14,'com.ontimize.hr.api.core.service.IOfferService/offerCandidateStatusQuery')
COMMIT
INSERT INTO TSERVER_PERMISSION VALUES(15,'com.ontimize.hr.api.core.service.IOfferService/offerCandidateStatusInsert')
COMMIT
INSERT INTO TSERVER_PERMISSION VALUES(16,'com.ontimize.hr.api.core.service.IOfferService/offerCandidateStatusUpdate')
COMMIT
INSERT INTO TSERVER_PERMISSION VALUES(17,'com.ontimize.hr.api.core.service.IOfferService/offerCandidateStatusDelete')
COMMIT
INSERT INTO TROLE_SERVER_PERMISSION VALUES(1,0,1)
COMMIT
INSERT INTO TROLE_SERVER_PERMISSION VALUES(2,0,2)
COMMIT
INSERT INTO TROLE_SERVER_PERMISSION VALUES(3,0,3)
COMMIT
INSERT INTO TROLE_SERVER_PERMISSION VALUES(4,0,4)
COMMIT
INSERT INTO TROLE_SERVER_PERMISSION VALUES(5,0,5)
COMMIT
INSERT INTO TROLE_SERVER_PERMISSION VALUES(6,0,6)
COMMIT
INSERT INTO TROLE_SERVER_PERMISSION VALUES(7,0,7)
COMMIT
INSERT INTO TROLE_SERVER_PERMISSION VALUES(8,0,8)
COMMIT
INSERT INTO TROLE_SERVER_PERMISSION VALUES(9,0,9)
COMMIT
INSERT INTO TROLE_SERVER_PERMISSION VALUES(10,0,10)
COMMIT
INSERT INTO TROLE_SERVER_PERMISSION VALUES(11,0,11)
COMMIT
INSERT INTO TROLE_SERVER_PERMISSION VALUES(12,0,12)
COMMIT
INSERT INTO TROLE_SERVER_PERMISSION VALUES(13,0,13)
COMMIT
INSERT INTO TROLE_SERVER_PERMISSION VALUES(14,0,14)
COMMIT
INSERT INTO TROLE_SERVER_PERMISSION VALUES(15,0,15)
COMMIT
INSERT INTO TROLE_SERVER_PERMISSION VALUES(16,0,16)
COMMIT
INSERT INTO TROLE_SERVER_PERMISSION VALUES(17,0,17)
COMMIT
DISCONNECT
/*C12*/SET SCHEMA PUBLIC
DISCONNECT
/*C13*/SET SCHEMA PUBLIC
DISCONNECT
