/*C2*/SET SCHEMA PUBLIC
SET DATABASE UNIQUE NAME HSQLDB687727E49B\u000a
SET DATABASE GC 0\u000a
SET DATABASE DEFAULT RESULT MEMORY ROWS 0\u000a
SET DATABASE EVENT LOG LEVEL 0\u000a
SET DATABASE TRANSACTION CONTROL LOCKS\u000a
SET DATABASE DEFAULT ISOLATION LEVEL READ COMMITTED\u000a
SET DATABASE TRANSACTION ROLLBACK ON CONFLICT TRUE\u000a
SET DATABASE TEXT TABLE DEFAULTS ''\u000a
SET DATABASE SQL NAMES FALSE\u000a
SET DATABASE SQL REFERENCES FALSE\u000a
SET DATABASE SQL SIZE TRUE\u000a
SET DATABASE SQL TYPES FALSE\u000a
SET DATABASE SQL TDC DELETE TRUE\u000a
SET DATABASE SQL TDC UPDATE TRUE\u000a
SET DATABASE SQL CONCAT NULLS TRUE\u000a
SET DATABASE SQL UNIQUE NULLS TRUE\u000a
SET DATABASE SQL CONVERT TRUNCATE TRUE\u000a
SET DATABASE SQL AVG SCALE 0\u000a
SET DATABASE SQL DOUBLE NAN TRUE\u000a
SET FILES WRITE DELAY 500 MILLIS\u000a
SET FILES BACKUP INCREMENT TRUE\u000a
SET FILES CACHE SIZE 10000\u000a
SET FILES CACHE ROWS 50000\u000a
SET FILES SCALE 32\u000a
SET FILES LOB SCALE 32\u000a
SET FILES DEFRAG 0\u000a
SET FILES NIO TRUE\u000a
SET FILES NIO SIZE 256\u000a
SET FILES LOG TRUE\u000a
SET FILES LOG SIZE 50
SET DATABASE UNIQUE NAME HSQLDB687727E49B\u000a
SET DATABASE GC 0\u000a
SET DATABASE DEFAULT RESULT MEMORY ROWS 0\u000a
SET DATABASE EVENT LOG LEVEL 0\u000a
SET DATABASE TRANSACTION CONTROL LOCKS\u000a
SET DATABASE DEFAULT ISOLATION LEVEL READ COMMITTED\u000a
SET DATABASE TRANSACTION ROLLBACK ON CONFLICT TRUE\u000a
SET DATABASE TEXT TABLE DEFAULTS ''\u000a
SET DATABASE SQL NAMES FALSE\u000a
SET DATABASE SQL REFERENCES FALSE\u000a
SET DATABASE SQL SIZE TRUE\u000a
SET DATABASE SQL TYPES FALSE\u000a
SET DATABASE SQL TDC DELETE TRUE\u000a
SET DATABASE SQL TDC UPDATE TRUE\u000a
SET DATABASE SQL CONCAT NULLS TRUE\u000a
SET DATABASE SQL UNIQUE NULLS TRUE\u000a
SET DATABASE SQL CONVERT TRUNCATE TRUE\u000a
SET DATABASE SQL AVG SCALE 0\u000a
SET DATABASE SQL DOUBLE NAN TRUE\u000a
SET FILES WRITE DELAY 500 MILLIS\u000a
SET FILES BACKUP INCREMENT TRUE\u000a
SET FILES CACHE SIZE 10000\u000a
SET FILES CACHE ROWS 50000\u000a
SET FILES SCALE 32\u000a
SET FILES LOB SCALE 32\u000a
SET FILES DEFRAG 0\u000a
SET FILES NIO TRUE\u000a
SET FILES NIO SIZE 256\u000a
SET FILES LOG TRUE\u000a
SET FILES LOG SIZE 50
